<?xml version="1.0" encoding="UTF-8"?>
<!-- Generated by org.testng.reporters.JUnitReportReporter -->
<testsuite skipped="0" hostname="DELL-PC" name="com.bankguru.user.Level_22_Data_Test_02_TestNG_XML" tests="3" failures="0" timestamp="14 Dec 2020 18:10:52 GMT" time="27.188" errors="0">
  <testcase name="TC_02_Login_To_System" time="13.712" classname="com.bankguru.user.Level_22_Data_Test_02_TestNG_XML"/>
  <testcase name="TC_03_New_Customer" time="11.749" classname="com.bankguru.user.Level_22_Data_Test_02_TestNG_XML"/>
  <testcase name="TC_01_Register_To_System" time="1.727" classname="com.bankguru.user.Level_22_Data_Test_02_TestNG_XML"/>
</testsuite> <!-- com.bankguru.user.Level_22_Data_Test_02_TestNG_XML -->
