<?xml version="1.0" encoding="UTF-8"?>
<!-- Generated by org.testng.reporters.JUnitReportReporter -->
<testsuite skipped="0" hostname="Administrator-Nhans-Mac.local" name="com.bankguru.user.Level_09_Page_Generator_Manager" tests="4" failures="0" timestamp="15 Aug 2020 17:26:38 GMT" time="26.221" errors="0">
  <testcase name="TC_04_Logout" time="4.868" classname="com.bankguru.user.Level_09_Page_Generator_Manager"/>
  <testcase name="TC_02_Login_To_System" time="3.915" classname="com.bankguru.user.Level_09_Page_Generator_Manager"/>
  <testcase name="TC_01_Register_To_System" time="4.393" classname="com.bankguru.user.Level_09_Page_Generator_Manager"/>
  <testcase name="TC_03_New_Customer" time="13.045" classname="com.bankguru.user.Level_09_Page_Generator_Manager"/>
</testsuite> <!-- com.bankguru.user.Level_09_Page_Generator_Manager -->
