<?xml version="1.0" encoding="UTF-8"?>
<!-- Generated by org.testng.reporters.JUnitReportReporter -->
<testsuite skipped="0" hostname="Mac.local" name="com.bankguru.user.Level_03_Abstract_Page_Extend" tests="2" failures="0" timestamp="27 Jul 2020 16:33:25 GMT" time="19.059" errors="0">
  <testcase name="TC_01_Register_To_System" time="9.219" classname="com.bankguru.user.Level_03_Abstract_Page_Extend"/>
  <testcase name="TC_02_Login_To_System" time="9.840" classname="com.bankguru.user.Level_03_Abstract_Page_Extend"/>
</testsuite> <!-- com.bankguru.user.Level_03_Abstract_Page_Extend -->
