<?xml version="1.0" encoding="UTF-8"?>
<!-- Generated by org.testng.reporters.JUnitReportReporter -->
<testsuite skipped="0" hostname="Mac.local" name="com.bankguru.user.Level_06_Browser_Driver_Factory" tests="4" failures="0" timestamp="12 Aug 2020 17:05:05 GMT" time="21.661" errors="0">
  <testcase name="TC_02_Login_To_System" time="5.671" classname="com.bankguru.user.Level_06_Browser_Driver_Factory"/>
  <testcase name="TC_01_Register_To_System" time="5.785" classname="com.bankguru.user.Level_06_Browser_Driver_Factory"/>
  <testcase name="TC_02_Login_To_System" time="4.753" classname="com.bankguru.user.Level_06_Browser_Driver_Factory"/>
  <testcase name="TC_01_Register_To_System" time="5.452" classname="com.bankguru.user.Level_06_Browser_Driver_Factory"/>
</testsuite> <!-- com.bankguru.user.Level_06_Browser_Driver_Factory -->
