<?xml version="1.0" encoding="UTF-8"?>
<!-- Generated by org.testng.reporters.JUnitReportReporter -->
<testsuite skipped="0" hostname="DELL-PC" name="com.jquery.datatable.Level_12_DataTable" tests="1" failures="0" timestamp="13 thg 2 2021 10:48:22 GMT" time="7.367" errors="0">
  <testcase name="TC_05_Index" time="7.367" classname="com.jquery.datatable.Level_12_DataTable"/>
</testsuite> <!-- com.jquery.datatable.Level_12_DataTable -->
