<?xml version="1.0" encoding="UTF-8"?>
<!-- Generated by org.testng.reporters.JUnitReportReporter -->
<testsuite hostname="Admin-Nhans-Mac.local" failures="0" tests="4" name="com.bankguru.user.Level_10_Switch_Page" time="91.886" errors="0" timestamp="04 May 2021 13:47:47 GMT" skipped="0">
  <testcase classname="com.bankguru.user.Level_10_Switch_Page" name="TC_01_Register_To_System" time="24.584"/>
  <testcase classname="com.bankguru.user.Level_10_Switch_Page" name="TC_03_Navigate_To_Other_Page" time="36.085"/>
  <testcase classname="com.bankguru.user.Level_10_Switch_Page" name="TC_02_Login_To_System" time="19.562"/>
  <testcase classname="com.bankguru.user.Level_10_Switch_Page" name="TC_04_Logout" time="11.655"/>
</testsuite> <!-- com.bankguru.user.Level_10_Switch_Page -->
