<?xml version="1.0" encoding="UTF-8"?>
<!-- Generated by org.testng.reporters.JUnitReportReporter -->
<testsuite skipped="0" hostname="Mac.local" name="com.bankguru.user.Level_02_Abstract_Page_Init" tests="2" failures="0" timestamp="27 Jul 2020 16:09:08 GMT" time="9.004" errors="0">
  <testcase name="TC_01_Register_To_System" time="4.759" classname="com.bankguru.user.Level_02_Abstract_Page_Init"/>
  <testcase name="TC_02_Login_To_System" time="4.245" classname="com.bankguru.user.Level_02_Abstract_Page_Init"/>
</testsuite> <!-- com.bankguru.user.Level_02_Abstract_Page_Init -->
