<?xml version="1.0" encoding="UTF-8"?>
<!-- Generated by org.testng.reporters.JUnitReportReporter -->
<testsuite skipped="0" hostname="DELL-PC" name="com.bankguru.user.Level_22_Data_Test_04_Data_Driven" tests="3" failures="0" timestamp="21 Oct 2021 10:31:11 GMT" time="68.617" errors="0">
  <testcase name="TC_01_Register_To_System" time="11.143" classname="com.bankguru.user.Level_22_Data_Test_04_Data_Driven"/>
  <testcase name="TC_03_New_Customer" time="25.369" classname="com.bankguru.user.Level_22_Data_Test_04_Data_Driven"/>
  <testcase name="TC_02_Login_To_System" time="32.105" classname="com.bankguru.user.Level_22_Data_Test_04_Data_Driven"/>
</testsuite> <!-- com.bankguru.user.Level_22_Data_Test_04_Data_Driven -->
