<?xml version="1.0" encoding="UTF-8"?>
<!-- Generated by org.testng.reporters.JUnitReportReporter -->
<testsuite skipped="0" hostname="Mac.local" name="com.bankguru.user.Level_07_Parallel_ThreadLocal" tests="4" failures="0" timestamp="12 Aug 2020 17:44:56 GMT" time="46.402" errors="0">
  <testcase name="TC_02_Login_To_System" time="11.164" classname="com.bankguru.user.Level_07_Parallel_ThreadLocal"/>
  <testcase name="TC_01_Register_To_System" time="11.261" classname="com.bankguru.user.Level_07_Parallel_ThreadLocal"/>
  <testcase name="TC_01_Register_To_System" time="12.378" classname="com.bankguru.user.Level_07_Parallel_ThreadLocal"/>
  <testcase name="TC_02_Login_To_System" time="11.599" classname="com.bankguru.user.Level_07_Parallel_ThreadLocal"/>
</testsuite> <!-- com.bankguru.user.Level_07_Parallel_ThreadLocal -->
