<?xml version="1.0" encoding="UTF-8"?>
<!-- Generated by org.testng.reporters.JUnitReportReporter -->
<testsuite skipped="0" hostname="Administrator-Nhans-Mac.local" name="com.bankguru.user.Level_13b_Element_Undisplayed_Page_Object" tests="2" failures="0" timestamp="24 Sep 2020 16:50:33 GMT" time="20.159" errors="0">
  <testcase name="TC_01_Register_To_System" time="6.335" classname="com.bankguru.user.Level_13b_Element_Undisplayed_Page_Object"/>
  <testcase name="TC_02_Login_To_System" time="13.824" classname="com.bankguru.user.Level_13b_Element_Undisplayed_Page_Object"/>
</testsuite> <!-- com.bankguru.user.Level_13b_Element_Undisplayed_Page_Object -->
