<?xml version="1.0" encoding="UTF-8"?>
<!-- Generated by org.testng.reporters.JUnitReportReporter -->
<testsuite skipped="0" hostname="DELL-PC" name="com.bankguru.user.Level_24_Multiple_Environment" tests="3" failures="0" timestamp="19 Mar 2021 15:19:04 GMT" time="67.224" errors="0">
  <testcase name="TC_02_Login_To_System" time="32.860" classname="com.bankguru.user.Level_24_Multiple_Environment"/>
  <testcase name="TC_03_New_Customer" time="24.476" classname="com.bankguru.user.Level_24_Multiple_Environment"/>
  <testcase name="TC_01_Register_To_System" time="9.888" classname="com.bankguru.user.Level_24_Multiple_Environment"/>
</testsuite> <!-- com.bankguru.user.Level_24_Multiple_Environment -->
