<?xml version="1.0" encoding="UTF-8"?>
<!-- Generated by org.testng.reporters.JUnitReportReporter -->
<testsuite skipped="0" hostname="Mac.local" name="com.bankguru.user.Level_04_Page_Object_Pattern" tests="4" failures="0" timestamp="04 Aug 2020 15:58:50 GMT" time="22.489" errors="0">
  <testcase name="TC_02_Login_To_System" time="3.819" classname="com.bankguru.user.Level_04_Page_Object_Pattern"/>
  <testcase name="TC_04_Logout" time="4.635" classname="com.bankguru.user.Level_04_Page_Object_Pattern"/>
  <testcase name="TC_01_Register_To_System" time="5.587" classname="com.bankguru.user.Level_04_Page_Object_Pattern"/>
  <testcase name="TC_03_New_Customer" time="8.448" classname="com.bankguru.user.Level_04_Page_Object_Pattern"/>
</testsuite> <!-- com.bankguru.user.Level_04_Page_Object_Pattern -->
