<?xml version="1.0" encoding="UTF-8"?>
<!-- Generated by org.testng.reporters.JUnitReportReporter -->
<testsuite skipped="0" hostname="DELL-PC" name="com.bankguru.user.Level_22_Data_Test_02_TestNG_XML_badPractice" tests="3" failures="0" timestamp="14 Dec 2020 18:23:54 GMT" time="27.596" errors="0">
  <testcase name="TC_03_New_Customer" time="11.900" classname="com.bankguru.user.Level_22_Data_Test_02_TestNG_XML_badPractice"/>
  <testcase name="TC_02_Login_To_System" time="13.886" classname="com.bankguru.user.Level_22_Data_Test_02_TestNG_XML_badPractice"/>
  <testcase name="TC_01_Register_To_System" time="1.810" classname="com.bankguru.user.Level_22_Data_Test_02_TestNG_XML_badPractice"/>
</testsuite> <!-- com.bankguru.user.Level_22_Data_Test_02_TestNG_XML_badPractice -->
