<?xml version="1.0" encoding="UTF-8"?>
<!-- Generated by org.testng.reporters.JUnitReportReporter -->
<testsuite skipped="0" hostname="Administrator-Nhans-Mac.local" name="com.bankguru.user.Level_11_Dynamic_Page_Rest_Parameter" tests="5" failures="0" timestamp="01 Sep 2020 18:32:00 GMT" time="26.826" errors="0">
  <testcase name="TC_01_Register_To_System" time="4.176" classname="com.bankguru.user.Level_11_Dynamic_Page_Rest_Parameter"/>
  <testcase name="TC_03_Dynamic_less_Page" time="6.877" classname="com.bankguru.user.Level_11_Dynamic_Page_Rest_Parameter"/>
  <testcase name="TC_05_Logout" time="4.986" classname="com.bankguru.user.Level_11_Dynamic_Page_Rest_Parameter"/>
  <testcase name="TC_02_Login_To_System" time="4.340" classname="com.bankguru.user.Level_11_Dynamic_Page_Rest_Parameter"/>
  <testcase name="TC_04_Dynamic_More_Page" time="6.447" classname="com.bankguru.user.Level_11_Dynamic_Page_Rest_Parameter"/>
</testsuite> <!-- com.bankguru.user.Level_11_Dynamic_Page_Rest_Parameter -->
