<?xml version="1.0" encoding="UTF-8"?>
<!-- Generated by org.testng.reporters.JUnitReportReporter -->
<testsuite skipped="0" hostname="Administrator-Nhans-Mac.local" name="com.bankguru.user.Level_16_Share_Class_State_02" tests="4" failures="0" timestamp="17 Nov 2020 13:16:23 GMT" time="0.102" errors="0">
  <testcase name="TC_04_Delete_Account" time="0.023" classname="com.bankguru.user.Level_16_Share_Class_State_02"/>
  <testcase name="TC_03_Edit_Account" time="0.043" classname="com.bankguru.user.Level_16_Share_Class_State_02"/>
  <testcase name="TC_02_View_Account" time="0.023" classname="com.bankguru.user.Level_16_Share_Class_State_02"/>
  <testcase name="TC_01_Create_New_Account" time="0.013" classname="com.bankguru.user.Level_16_Share_Class_State_02"/>
</testsuite> <!-- com.bankguru.user.Level_16_Share_Class_State_02 -->
