<?xml version="1.0" encoding="UTF-8"?>
<!-- Generated by org.testng.reporters.JUnitReportReporter -->
<testsuite skipped="0" hostname="Administrator-Nhans-Mac.local" name="com.bankguru.user.Level_13_Element_Undisplayed" tests="1" failures="0" timestamp="23 Sep 2020 17:42:43 GMT" time="14.157" errors="0">
  <testcase name="TC_01_Element_Undisplayed" time="14.157" classname="com.bankguru.user.Level_13_Element_Undisplayed"/>
</testsuite> <!-- com.bankguru.user.Level_13_Element_Undisplayed -->
