<?xml version="1.0" encoding="UTF-8"?>
<!-- Generated by org.testng.reporters.JUnitReportReporter -->
<testsuite skipped="0" hostname="Mac.local" name="com.bankguru.user.Level_01_Repeat_Yourseft" tests="2" failures="0" timestamp="23 Jul 2020 15:21:02 GMT" time="9.094" errors="0">
  <testcase name="TC_01_Register_To_System" time="5.447" classname="com.bankguru.user.Level_01_Repeat_Yourseft"/>
  <testcase name="TC_02_Login_To_System" time="3.647" classname="com.bankguru.user.Level_01_Repeat_Yourseft"/>
</testsuite> <!-- com.bankguru.user.Level_01_Repeat_Yourseft -->
