<?xml version="1.0" encoding="UTF-8"?>
<!-- Generated by org.testng.reporters.JUnitReportReporter -->
<testsuite skipped="0" hostname="DELL-PC" name="com.bankguru.user.Level_22_Data_Test_In_Class" tests="3" failures="0" timestamp="14 Dec 2020 17:38:44 GMT" time="27.085" errors="0">
  <testcase name="TC_02_Login_To_System" time="13.736" classname="com.bankguru.user.Level_22_Data_Test_In_Class"/>
  <testcase name="TC_03_New_Customer" time="11.820" classname="com.bankguru.user.Level_22_Data_Test_In_Class"/>
  <testcase name="TC_01_Register_To_System" time="1.529" classname="com.bankguru.user.Level_22_Data_Test_In_Class"/>
</testsuite> <!-- com.bankguru.user.Level_22_Data_Test_In_Class -->
