<?xml version="1.0" encoding="UTF-8"?>
<!-- Generated by org.testng.reporters.JUnitReportReporter -->
<testsuite skipped="0" hostname="Administrator-Nhans-Mac.local" name="com.bankguru.user.Level_16_Share_Class_State_01" tests="4" failures="0" timestamp="17 Nov 2020 13:16:23 GMT" time="0.652" errors="0">
  <testcase name="TC_01_Create_New_Customer" time="0.596" classname="com.bankguru.user.Level_16_Share_Class_State_01"/>
  <testcase name="TC_02_View_Customer" time="0.026" classname="com.bankguru.user.Level_16_Share_Class_State_01"/>
  <testcase name="TC_04_Delete_Customer" time="0.016" classname="com.bankguru.user.Level_16_Share_Class_State_01"/>
  <testcase name="TC_03_Edit_Customer" time="0.014" classname="com.bankguru.user.Level_16_Share_Class_State_01"/>
</testsuite> <!-- com.bankguru.user.Level_16_Share_Class_State_01 -->
