<?xml version="1.0" encoding="UTF-8"?>
<!-- Generated by org.testng.reporters.JUnitReportReporter -->
<testsuite skipped="0" hostname="Administrator-Nhans-Mac.local" name="com.bankguru.common.TestNG_Annotation" tests="2" failures="0" timestamp="17 Nov 2020 03:54:11 GMT" time="0.367" errors="0">
  <testcase name="TC_01" time="0.349" classname="com.bankguru.common.TestNG_Annotation"/>
  <testcase name="TC_02" time="0.018" classname="com.bankguru.common.TestNG_Annotation"/>
</testsuite> <!-- com.bankguru.common.TestNG_Annotation -->
