<?xml version="1.0" encoding="UTF-8"?>
<!-- Generated by org.testng.reporters.JUnitReportReporter -->
<testsuite skipped="0" hostname="DELL-PC" name="com.jquery.upload.Level_12b_Upload_File" tests="2" failures="0" timestamp="13 thg 3 2021 16:45:11 GMT" time="25.033" errors="0">
  <testcase name="TC_01_Upload_1_File_Per_Time" time="8.354" classname="com.jquery.upload.Level_12b_Upload_File"/>
  <testcase name="TC_02_Upload_Multiple_File_Per_Time" time="16.679" classname="com.jquery.upload.Level_12b_Upload_File"/>
</testsuite> <!-- com.jquery.upload.Level_12b_Upload_File -->
