<?xml version="1.0" encoding="UTF-8"?>
<!-- Generated by org.testng.reporters.JUnitReportReporter -->
<testsuite skipped="0" hostname="Mac.local" name="com.bankguru.user.Level_05b_Multiple_Browser" tests="2" failures="0" timestamp="07 Aug 2020 16:21:05 GMT" time="8.904" errors="0">
  <testcase name="TC_02_Login_To_System" time="4.307" classname="com.bankguru.user.Level_05b_Multiple_Browser"/>
  <testcase name="TC_01_Register_To_System" time="4.597" classname="com.bankguru.user.Level_05b_Multiple_Browser"/>
</testsuite> <!-- com.bankguru.user.Level_05b_Multiple_Browser -->
