<?xml version="1.0" encoding="UTF-8"?>
<!-- Generated by org.testng.reporters.JUnitReportReporter -->
<testsuite skipped="0" hostname="Administrator-Nhans-Mac.local" name="com.bankguru.user.Level_13a_Element_Undisplayed" tests="1" failures="0" timestamp="23 Sep 2020 17:52:07 GMT" time="13.791" errors="0">
  <testcase name="TC_01_Element_Undisplayed" time="13.791" classname="com.bankguru.user.Level_13a_Element_Undisplayed"/>
</testsuite> <!-- com.bankguru.user.Level_13a_Element_Undisplayed -->
