<?xml version="1.0" encoding="UTF-8"?>
<!-- Generated by org.testng.reporters.JUnitReportReporter -->
<testsuite skipped="0" hostname="Mac.local" name="Buoi_2.Topic_01__Check_Environment" tests="2" failures="0" timestamp="20 Jul 2020 14:33:10 GMT" time="8.932" errors="0">
  <testcase name="TC_01_Verify_Title" time="6.195" classname="Buoi_2.Topic_01__Check_Environment"/>
  <testcase name="TC_02_Verify_Url" time="2.737" classname="Buoi_2.Topic_01__Check_Environment"/>
</testsuite> <!-- Buoi_2.Topic_01__Check_Environment -->
