<?xml version="1.0" encoding="UTF-8"?>
<!-- Generated by org.testng.reporters.JUnitReportReporter -->
<testsuite skipped="0" hostname="Administrator-Nhans-Mac.local" name="com.bankguru.user.Level_18_Pattern_Object_Dynamic_Element_Component" tests="3" failures="0" timestamp="26 Nov 2020 17:21:18 GMT" time="47.592" errors="0">
  <testcase name="TC_01_Register_To_System" time="5.938" classname="com.bankguru.user.Level_18_Pattern_Object_Dynamic_Element_Component"/>
  <testcase name="TC_03_New_Customer" time="21.108" classname="com.bankguru.user.Level_18_Pattern_Object_Dynamic_Element_Component"/>
  <testcase name="TC_02_Login_To_System" time="20.546" classname="com.bankguru.user.Level_18_Pattern_Object_Dynamic_Element_Component"/>
</testsuite> <!-- com.bankguru.user.Level_18_Pattern_Object_Dynamic_Element_Component -->
