<?xml version="1.0" encoding="UTF-8"?>
<!-- Generated by org.testng.reporters.JUnitReportReporter -->
<testsuite skipped="0" hostname="Mac.local" name="Selenium.Topic_01__Check_Environment" tests="2" failures="0" timestamp="20 Jul 2020 14:22:53 GMT" time="7.705" errors="0">
  <testcase name="TC_01_Verify_Title" time="4.828" classname="Selenium.Topic_01__Check_Environment"/>
  <testcase name="TC_02_Verify_Url" time="2.877" classname="Selenium.Topic_01__Check_Environment"/>
</testsuite> <!-- Selenium.Topic_01__Check_Environment -->
